2024-07-04 16:14:18 info: User 1 fetched their lists
2024-07-04 16:14:18 info: User 1 fetched their lists
2024-07-04 16:14:19 info: User 1 fetched their lists
2024-07-04 16:14:19 info: User 1 fetched their lists
2024-07-04 16:15:31 info: User 1 fetched their lists
2024-07-04 16:15:31 info: User 1 fetched their lists
2024-07-04 16:15:38 info: User 1 created a new list with id 4
2024-07-04 16:15:38 info: User 1 fetched their lists
2024-07-04 16:15:39 info: User 1 fetched movies from list 4
2024-07-04 16:15:44 info: User 1 added movie tt1375666 to list 4
2024-07-04 16:15:44 info: User 1 fetched movies from list 4
2024-07-04 16:15:46 info: User 1 added movie tt5295894 to list 4
2024-07-04 16:15:47 info: User 1 fetched movies from list 4
2024-07-04 16:15:47 info: User 1 added movie tt5295990 to list 4
2024-07-04 16:15:47 info: User 1 fetched movies from list 4
2024-07-04 16:15:49 info: User 1 fetched movies from list 4
2024-07-04 16:15:57 info: User 1 updated rating of movie 12 in list 4 to 7
2024-07-04 16:15:58 info: User 1 updated rating of movie 10 in list 4 to 9
2024-07-04 16:15:59 info: User 1 updated rating of movie 1 in list 4 to 10
2024-07-04 16:16:01 info: User 1 fetched movies from list 4
2024-07-04 16:16:06 info: User 1 fetched movies from list 4
2024-07-04 16:34:43 info: User 1 fetched their lists
2024-07-04 16:34:43 info: User 1 fetched their lists
2024-07-04 16:34:44 info: User 1 fetched movies from list 4
2024-07-04 16:40:07 info: User 1 fetched their lists
2024-07-04 16:40:07 info: User 1 fetched their lists
2024-07-04 16:40:08 info: User 1 fetched movies from list 4
2024-07-04 16:53:54 info: User 1 fetched movies from list 4
